0 info it worked if it ends with ok
1 verbose cli [ '/usr/local/bin/node',
1 verbose cli   '/usr/local/bin/npm',
1 verbose cli   '-g',
1 verbose cli   'install',
1 verbose cli   'grunt-cli' ]
2 info using npm@1.4.29
3 info using node@v0.10.41
4 warn deprecated This version of npm lacks support for important features,
5 warn deprecated such as scoped packages, offered by the primary npm
6 warn deprecated registry. Consider upgrading to at least npm@2, if not the
7 warn deprecated latest stable version. To upgrade to npm@2, run:
8 warn deprecated npm -g install npm@latest-2
9 warn deprecated To upgrade to the latest stable version, run:
10 warn deprecated npm -g install npm@latest
11 warn deprecated (Depending on how Node.js was installed on your system, you
12 warn deprecated may need to prefix the preceding commands with `sudo`, or if
13 warn deprecated on Windows, run them from an Administrator prompt.)
14 warn deprecated If you're running the version of npm bundled with
15 warn deprecated Node.js 0.10 LTS, be aware that the next version of 0.10 LTS
16 warn deprecated will be bundled with a version of npm@2, which has some small
17 warn deprecated backwards-incompatible changes made to `npm run-script` and
18 warn deprecated semver behavior.
19 verbose cache add [ 'grunt-cli', null ]
20 verbose cache add name=undefined spec="grunt-cli" args=["grunt-cli",null]
21 verbose parsed url { protocol: null,
21 verbose parsed url   slashes: null,
21 verbose parsed url   auth: null,
21 verbose parsed url   host: null,
21 verbose parsed url   port: null,
21 verbose parsed url   hostname: null,
21 verbose parsed url   hash: null,
21 verbose parsed url   search: null,
21 verbose parsed url   query: null,
21 verbose parsed url   pathname: 'grunt-cli',
21 verbose parsed url   path: 'grunt-cli',
21 verbose parsed url   href: 'grunt-cli' }
22 silly lockFile 671ef8ac-grunt-cli grunt-cli
23 verbose lock grunt-cli /home/ahmed/.npm/671ef8ac-grunt-cli.lock
24 silly lockFile 671ef8ac-grunt-cli grunt-cli
25 silly lockFile 671ef8ac-grunt-cli grunt-cli
26 verbose addNamed [ 'grunt-cli', '' ]
27 verbose addNamed [ null, '*' ]
28 silly lockFile d63f3d0b-grunt-cli grunt-cli@
29 verbose lock grunt-cli@ /home/ahmed/.npm/d63f3d0b-grunt-cli.lock
30 silly addNameRange { name: 'grunt-cli', range: '*', hasData: false }
31 verbose request where is /grunt-cli
32 verbose request registry https://registry.npmjs.org/
33 verbose request id eed9087ec658cc2f
34 verbose url raw /grunt-cli
35 verbose url resolving [ 'https://registry.npmjs.org/', './grunt-cli' ]
36 verbose url resolved https://registry.npmjs.org/grunt-cli
37 verbose request where is https://registry.npmjs.org/grunt-cli
38 info trying registry request attempt 1 at 16:56:06
39 verbose etag "THQBRE5MJ9K444KV4X1N76F"
40 http GET https://registry.npmjs.org/grunt-cli
41 http 304 https://registry.npmjs.org/grunt-cli
42 silly registry.get cb [ 304,
42 silly registry.get   { date: 'Sun, 21 Feb 2016 14:56:07 GMT',
42 silly registry.get     via: '1.1 varnish',
42 silly registry.get     'cache-control': 'max-age=300',
42 silly registry.get     etag: '"THQBRE5MJ9K444KV4X1N76F"',
42 silly registry.get     age: '68',
42 silly registry.get     connection: 'keep-alive',
42 silly registry.get     'x-served-by': 'cache-ams4141-AMS',
42 silly registry.get     'x-cache': 'HIT',
42 silly registry.get     'x-cache-hits': '1',
42 silly registry.get     'x-timer': 'S1456066567.671903,VS0,VE0',
42 silly registry.get     vary: 'Accept' } ]
43 verbose etag https://registry.npmjs.org/grunt-cli from cache
44 silly addNameRange number 2 { name: 'grunt-cli', range: '*', hasData: true }
45 silly addNameRange versions [ 'grunt-cli',
45 silly addNameRange   [ '0.1.0',
45 silly addNameRange     '0.1.1',
45 silly addNameRange     '0.1.2',
45 silly addNameRange     '0.1.3',
45 silly addNameRange     '0.1.4',
45 silly addNameRange     '0.1.5',
45 silly addNameRange     '0.1.6',
45 silly addNameRange     '0.1.7',
45 silly addNameRange     '0.1.8',
45 silly addNameRange     '0.1.9',
45 silly addNameRange     '0.1.10',
45 silly addNameRange     '0.1.11',
45 silly addNameRange     '0.1.12',
45 silly addNameRange     '0.1.13',
45 silly addNameRange     '1.0.0-rc1' ] ]
46 verbose addNamed [ 'grunt-cli', '0.1.13' ]
47 verbose addNamed [ '0.1.13', '0.1.13' ]
48 silly lockFile 28997503-grunt-cli-0-1-13 grunt-cli@0.1.13
49 verbose lock grunt-cli@0.1.13 /home/ahmed/.npm/28997503-grunt-cli-0-1-13.lock
50 silly lockFile 28997503-grunt-cli-0-1-13 grunt-cli@0.1.13
51 silly lockFile 28997503-grunt-cli-0-1-13 grunt-cli@0.1.13
52 silly lockFile d63f3d0b-grunt-cli grunt-cli@
53 silly lockFile d63f3d0b-grunt-cli grunt-cli@
54 silly resolved [ { name: 'grunt-cli',
54 silly resolved     description: 'The grunt command line interface.',
54 silly resolved     version: '0.1.13',
54 silly resolved     author: { name: 'Grunt Team' },
54 silly resolved     homepage: 'http://gruntjs.com/',
54 silly resolved     repository: { type: 'git', url: 'git://github.com/gruntjs/grunt-cli.git' },
54 silly resolved     bugs: { url: 'http://github.com/gruntjs/grunt-cli/issues' },
54 silly resolved     licenses: [ [Object] ],
54 silly resolved     bin: { grunt: 'bin/grunt' },
54 silly resolved     engines: { node: '>= 0.8.0' },
54 silly resolved     scripts: { test: 'node bin/grunt test' },
54 silly resolved     preferGlobal: true,
54 silly resolved     dependencies: { nopt: '~1.0.10', 'findup-sync': '~0.1.0', resolve: '~0.3.1' },
54 silly resolved     devDependencies: { grunt: '~0.4.0', 'grunt-contrib-jshint': '~0.2.0' },
54 silly resolved     contributors: [ [Object], [Object], [Object], [Object] ],
54 silly resolved     _id: 'grunt-cli@0.1.13',
54 silly resolved     dist:
54 silly resolved      { shasum: 'e9ebc4047631f5012d922770c39378133cad10f4',
54 silly resolved        tarball: 'http://registry.npmjs.org/grunt-cli/-/grunt-cli-0.1.13.tgz' },
54 silly resolved     _from: 'grunt-cli@',
54 silly resolved     _npmVersion: '1.3.24',
54 silly resolved     _npmUser: { name: 'tkellen', email: 'tyler@sleekcode.net' },
54 silly resolved     maintainers: [ [Object] ],
54 silly resolved     directories: {},
54 silly resolved     _shasum: 'e9ebc4047631f5012d922770c39378133cad10f4',
54 silly resolved     _resolved: 'https://registry.npmjs.org/grunt-cli/-/grunt-cli-0.1.13.tgz',
54 silly resolved     readme: 'ERROR: No README data found!' } ]
55 info install grunt-cli@0.1.13 into /usr/local/lib
56 info installOne grunt-cli@0.1.13
57 verbose lib/node_modules/grunt-cli unbuild
58 verbose tar unpack /home/ahmed/.npm/grunt-cli/0.1.13/package.tgz
59 silly lockFile 466968dc-local-lib-node-modules-grunt-cli tar:///usr/local/lib/node_modules/grunt-cli
60 verbose lock tar:///usr/local/lib/node_modules/grunt-cli /home/ahmed/.npm/466968dc-local-lib-node-modules-grunt-cli.lock
61 silly lockFile 891e5e5c-npm-grunt-cli-0-1-13-package-tgz tar:///home/ahmed/.npm/grunt-cli/0.1.13/package.tgz
62 verbose lock tar:///home/ahmed/.npm/grunt-cli/0.1.13/package.tgz /home/ahmed/.npm/891e5e5c-npm-grunt-cli-0-1-13-package-tgz.lock
63 silly gunzTarPerm modes [ '775', '664' ]
64 error Error: EACCES, mkdir '/usr/local/lib/node_modules/grunt-cli'
64 error  { [Error: EACCES, mkdir '/usr/local/lib/node_modules/grunt-cli']
64 error   errno: 3,
64 error   code: 'EACCES',
64 error   path: '/usr/local/lib/node_modules/grunt-cli',
64 error   fstream_type: 'Directory',
64 error   fstream_path: '/usr/local/lib/node_modules/grunt-cli',
64 error   fstream_class: 'DirWriter',
64 error   fstream_stack:
64 error    [ '/usr/local/lib/node_modules/npm/node_modules/fstream/lib/dir-writer.js:36:23',
64 error      '/usr/local/lib/node_modules/npm/node_modules/mkdirp/index.js:46:53',
64 error      'Object.oncomplete (fs.js:108:15)' ] }
65 error Please try running this command again as root/Administrator.
66 error System Linux 3.19.0-32-generic
67 error command "/usr/local/bin/node" "/usr/local/bin/npm" "-g" "install" "grunt-cli"
68 error cwd /home/ahmed/Documents/projects/scalablelearning/scalear-front
69 error node -v v0.10.41
70 error npm -v 1.4.29
71 error path /usr/local/lib/node_modules/grunt-cli
72 error fstream_path /usr/local/lib/node_modules/grunt-cli
73 error fstream_type Directory
74 error fstream_class DirWriter
75 error code EACCES
76 error errno 3
77 error stack Error: EACCES, mkdir '/usr/local/lib/node_modules/grunt-cli'
78 error fstream_stack /usr/local/lib/node_modules/npm/node_modules/fstream/lib/dir-writer.js:36:23
78 error fstream_stack /usr/local/lib/node_modules/npm/node_modules/mkdirp/index.js:46:53
78 error fstream_stack Object.oncomplete (fs.js:108:15)
79 verbose exit [ 3, true ]
